<?xml version="1.0" encoding="UTF-8"?>
<!-- Generated by org.testng.reporters.JUnitXMLReporter -->
<testsuite hostname="DESKTOP-0C1HTAU" ignored="0" name="Default test" tests="2" failures="0" timestamp="24 Jan 2023 08:33:23 GMT" time="0.378" errors="0">
  <testcase name="runScenario" time="0.164" classname="cucumber.api.testng.AbstractTestNGCucumberTests"/>
  <testcase name="runScenario" time="0.003" classname="cucumber.api.testng.AbstractTestNGCucumberTests"/>
</testsuite> <!-- Default test -->
